CRITICAL - 2024-10-14 09:38:07 --> CodeIgniter\View\Exceptions\ViewException: Invalid file: "components/main_layout.php"
[Method: GET, Route: /]
in SYSTEMPATH\Exceptions\FrameworkException.php on line 41.
 1 SYSTEMPATH\View\View.php(222): CodeIgniter\Exceptions\FrameworkException::forInvalidFile('components/main_layout.php')
 2 SYSTEMPATH\View\View.php(487): CodeIgniter\View\View->render('components/main_layout', null, true)
 3 APPPATH\Views\landing.php(1): CodeIgniter\View\View->include('components/main_layout')
 4 SYSTEMPATH\View\View.php(234): include('C:\\xampp\\htdocs\\WST_Gabinete-2\\app\\Views\\landing.php')
 5 SYSTEMPATH\View\View.php(237): CodeIgniter\View\View->CodeIgniter\View\{closure}()
 6 SYSTEMPATH\Common.php(1171): CodeIgniter\View\View->render('landing', [], true)
 7 APPPATH\Controllers\Home.php(9): view('landing')
 8 SYSTEMPATH\CodeIgniter.php(933): App\Controllers\Home->index()
 9 SYSTEMPATH\CodeIgniter.php(509): CodeIgniter\CodeIgniter->runController(Object(App\Controllers\Home))
10 SYSTEMPATH\CodeIgniter.php(355): CodeIgniter\CodeIgniter->handleRequest(null, Object(Config\Cache), false)
11 SYSTEMPATH\Boot.php(325): CodeIgniter\CodeIgniter->run()
12 SYSTEMPATH\Boot.php(67): CodeIgniter\Boot::runCodeIgniter(Object(CodeIgniter\CodeIgniter))
13 FCPATH\index.php(56): CodeIgniter\Boot::bootWeb(Object(Config\Paths))
CRITICAL - 2024-10-14 09:38:07 --> CodeIgniter\View\Exceptions\ViewException: Invalid file: "components/main_layout.php"
[Method: GET, Route: /]
in SYSTEMPATH\Exceptions\FrameworkException.php on line 41.
 1 SYSTEMPATH\View\View.php(222): CodeIgniter\Exceptions\FrameworkException::forInvalidFile('components/main_layout.php')
 2 SYSTEMPATH\View\View.php(487): CodeIgniter\View\View->render('components/main_layout', null, true)
 3 APPPATH\Views\landing.php(1): CodeIgniter\View\View->include('components/main_layout')
 4 SYSTEMPATH\View\View.php(234): include('C:\\xampp\\htdocs\\WST_Gabinete-2\\app\\Views\\landing.php')
 5 SYSTEMPATH\View\View.php(237): CodeIgniter\View\View->CodeIgniter\View\{closure}()
 6 SYSTEMPATH\Common.php(1171): CodeIgniter\View\View->render('landing', [], true)
 7 APPPATH\Controllers\Home.php(9): view('landing')
 8 SYSTEMPATH\CodeIgniter.php(933): App\Controllers\Home->index()
 9 SYSTEMPATH\CodeIgniter.php(509): CodeIgniter\CodeIgniter->runController(Object(App\Controllers\Home))
10 SYSTEMPATH\CodeIgniter.php(355): CodeIgniter\CodeIgniter->handleRequest(null, Object(Config\Cache), false)
11 SYSTEMPATH\Boot.php(325): CodeIgniter\CodeIgniter->run()
12 SYSTEMPATH\Boot.php(67): CodeIgniter\Boot::runCodeIgniter(Object(CodeIgniter\CodeIgniter))
13 FCPATH\index.php(56): CodeIgniter\Boot::bootWeb(Object(Config\Paths))
CRITICAL - 2024-10-14 09:38:46 --> CodeIgniter\View\Exceptions\ViewException: Invalid file: "components/main_layout.php"
[Method: GET, Route: /]
in SYSTEMPATH\Exceptions\FrameworkException.php on line 41.
 1 SYSTEMPATH\View\View.php(222): CodeIgniter\Exceptions\FrameworkException::forInvalidFile('components/main_layout.php')
 2 SYSTEMPATH\View\View.php(487): CodeIgniter\View\View->render('components/main_layout', null, true)
 3 APPPATH\Views\landing.php(1): CodeIgniter\View\View->include('components/main_layout')
 4 SYSTEMPATH\View\View.php(234): include('C:\\xampp\\htdocs\\WST_Gabinete-2\\app\\Views\\landing.php')
 5 SYSTEMPATH\View\View.php(237): CodeIgniter\View\View->CodeIgniter\View\{closure}()
 6 SYSTEMPATH\Common.php(1171): CodeIgniter\View\View->render('landing', [], true)
 7 APPPATH\Controllers\Home.php(9): view('landing')
 8 SYSTEMPATH\CodeIgniter.php(933): App\Controllers\Home->index()
 9 SYSTEMPATH\CodeIgniter.php(509): CodeIgniter\CodeIgniter->runController(Object(App\Controllers\Home))
10 SYSTEMPATH\CodeIgniter.php(355): CodeIgniter\CodeIgniter->handleRequest(null, Object(Config\Cache), false)
11 SYSTEMPATH\Boot.php(325): CodeIgniter\CodeIgniter->run()
12 SYSTEMPATH\Boot.php(67): CodeIgniter\Boot::runCodeIgniter(Object(CodeIgniter\CodeIgniter))
13 FCPATH\index.php(56): CodeIgniter\Boot::bootWeb(Object(Config\Paths))
CRITICAL - 2024-10-14 09:38:56 --> CodeIgniter\View\Exceptions\ViewException: Invalid file: "components/main_layout.php"
[Method: GET, Route: /]
in SYSTEMPATH\Exceptions\FrameworkException.php on line 41.
 1 SYSTEMPATH\View\View.php(222): CodeIgniter\Exceptions\FrameworkException::forInvalidFile('components/main_layout.php')
 2 SYSTEMPATH\View\View.php(487): CodeIgniter\View\View->render('components/main_layout', null, true)
 3 APPPATH\Views\landing.php(1): CodeIgniter\View\View->include('components/main_layout')
 4 SYSTEMPATH\View\View.php(234): include('C:\\xampp\\htdocs\\WST_Gabinete-2\\app\\Views\\landing.php')
 5 SYSTEMPATH\View\View.php(237): CodeIgniter\View\View->CodeIgniter\View\{closure}()
 6 SYSTEMPATH\Common.php(1171): CodeIgniter\View\View->render('landing', [], true)
 7 APPPATH\Controllers\Home.php(9): view('landing')
 8 SYSTEMPATH\CodeIgniter.php(933): App\Controllers\Home->index()
 9 SYSTEMPATH\CodeIgniter.php(509): CodeIgniter\CodeIgniter->runController(Object(App\Controllers\Home))
10 SYSTEMPATH\CodeIgniter.php(355): CodeIgniter\CodeIgniter->handleRequest(null, Object(Config\Cache), false)
11 SYSTEMPATH\Boot.php(325): CodeIgniter\CodeIgniter->run()
12 SYSTEMPATH\Boot.php(67): CodeIgniter\Boot::runCodeIgniter(Object(CodeIgniter\CodeIgniter))
13 FCPATH\index.php(56): CodeIgniter\Boot::bootWeb(Object(Config\Paths))
CRITICAL - 2024-10-14 09:39:10 --> ErrorException: Undefined variable $title
[Method: GET, Route: /]
in APPPATH\Views\Components\top_layer.php on line 6.
 1 APPPATH\Views\Components\top_layer.php(6): CodeIgniter\Debug\Exceptions->errorHandler(2, 'Undefined variable $title', 'C:\\xampp\\htdocs\\WST_Gabinete-2\\app\\Views\\Components\\top_layer.php', 6)
 2 SYSTEMPATH\View\View.php(234): include('C:\\xampp\\htdocs\\WST_Gabinete-2\\app\\Views\\Components\\top_layer.php')
 3 SYSTEMPATH\View\View.php(237): CodeIgniter\View\View->CodeIgniter\View\{closure}()
 4 SYSTEMPATH\View\View.php(487): CodeIgniter\View\View->render('components/top_layer', null, true)
 5 APPPATH\Views\layout\main_layout.php(1): CodeIgniter\View\View->include('components/top_layer')
 6 SYSTEMPATH\View\View.php(234): include('C:\\xampp\\htdocs\\WST_Gabinete-2\\app\\Views\\layout\\main_layout.php')
 7 SYSTEMPATH\View\View.php(237): CodeIgniter\View\View->CodeIgniter\View\{closure}()
 8 SYSTEMPATH\View\View.php(487): CodeIgniter\View\View->render('layout/main_layout', null, true)
 9 APPPATH\Views\landing.php(1): CodeIgniter\View\View->include('layout/main_layout')
10 SYSTEMPATH\View\View.php(234): include('C:\\xampp\\htdocs\\WST_Gabinete-2\\app\\Views\\landing.php')
11 SYSTEMPATH\View\View.php(237): CodeIgniter\View\View->CodeIgniter\View\{closure}()
12 SYSTEMPATH\Common.php(1171): CodeIgniter\View\View->render('landing', [], true)
13 APPPATH\Controllers\Home.php(9): view('landing')
14 SYSTEMPATH\CodeIgniter.php(933): App\Controllers\Home->index()
15 SYSTEMPATH\CodeIgniter.php(509): CodeIgniter\CodeIgniter->runController(Object(App\Controllers\Home))
16 SYSTEMPATH\CodeIgniter.php(355): CodeIgniter\CodeIgniter->handleRequest(null, Object(Config\Cache), false)
17 SYSTEMPATH\Boot.php(325): CodeIgniter\CodeIgniter->run()
18 SYSTEMPATH\Boot.php(67): CodeIgniter\Boot::runCodeIgniter(Object(CodeIgniter\CodeIgniter))
19 FCPATH\index.php(56): CodeIgniter\Boot::bootWeb(Object(Config\Paths))
CRITICAL - 2024-10-14 09:47:01 --> CodeIgniter\View\Exceptions\ViewException: Invalid file: "public/css/nav.php"
[Method: GET, Route: /]
in SYSTEMPATH\Exceptions\FrameworkException.php on line 41.
 1 SYSTEMPATH\View\View.php(222): CodeIgniter\Exceptions\FrameworkException::forInvalidFile('public/css/nav.php')
 2 SYSTEMPATH\View\View.php(487): CodeIgniter\View\View->render('public/css/nav', null, true)
 3 APPPATH\Views\Components\top_layer.php(9): CodeIgniter\View\View->include('public/css/nav')
 4 SYSTEMPATH\View\View.php(234): include('C:\\xampp\\htdocs\\WST_Gabinete-2\\app\\Views\\Components\\top_layer.php')
 5 SYSTEMPATH\View\View.php(237): CodeIgniter\View\View->CodeIgniter\View\{closure}()
 6 SYSTEMPATH\View\View.php(487): CodeIgniter\View\View->render('components/top_layer', null, true)
 7 APPPATH\Views\layout\main_layout.php(1): CodeIgniter\View\View->include('components/top_layer')
 8 SYSTEMPATH\View\View.php(234): include('C:\\xampp\\htdocs\\WST_Gabinete-2\\app\\Views\\layout\\main_layout.php')
 9 SYSTEMPATH\View\View.php(237): CodeIgniter\View\View->CodeIgniter\View\{closure}()
10 SYSTEMPATH\View\View.php(250): CodeIgniter\View\View->render('layout/main_layout', [], true)
11 SYSTEMPATH\Common.php(1171): CodeIgniter\View\View->render('landing', [], true)
12 APPPATH\Controllers\Home.php(9): view('landing')
13 SYSTEMPATH\CodeIgniter.php(933): App\Controllers\Home->index()
14 SYSTEMPATH\CodeIgniter.php(509): CodeIgniter\CodeIgniter->runController(Object(App\Controllers\Home))
15 SYSTEMPATH\CodeIgniter.php(355): CodeIgniter\CodeIgniter->handleRequest(null, Object(Config\Cache), false)
16 SYSTEMPATH\Boot.php(325): CodeIgniter\CodeIgniter->run()
17 SYSTEMPATH\Boot.php(67): CodeIgniter\Boot::runCodeIgniter(Object(CodeIgniter\CodeIgniter))
18 FCPATH\index.php(56): CodeIgniter\Boot::bootWeb(Object(Config\Paths))
CRITICAL - 2024-10-14 09:49:06 --> CodeIgniter\View\Exceptions\ViewException: Invalid file: "components/css/nav.php"
[Method: GET, Route: /]
in SYSTEMPATH\Exceptions\FrameworkException.php on line 41.
 1 SYSTEMPATH\View\View.php(222): CodeIgniter\Exceptions\FrameworkException::forInvalidFile('components/css/nav.php')
 2 SYSTEMPATH\View\View.php(487): CodeIgniter\View\View->render('components/css/nav', null, true)
 3 APPPATH\Views\Components\top_layer.php(9): CodeIgniter\View\View->include('components/css/nav')
 4 SYSTEMPATH\View\View.php(234): include('C:\\xampp\\htdocs\\WST_Gabinete-2\\app\\Views\\Components\\top_layer.php')
 5 SYSTEMPATH\View\View.php(237): CodeIgniter\View\View->CodeIgniter\View\{closure}()
 6 SYSTEMPATH\View\View.php(487): CodeIgniter\View\View->render('components/top_layer', null, true)
 7 APPPATH\Views\layout\main_layout.php(1): CodeIgniter\View\View->include('components/top_layer')
 8 SYSTEMPATH\View\View.php(234): include('C:\\xampp\\htdocs\\WST_Gabinete-2\\app\\Views\\layout\\main_layout.php')
 9 SYSTEMPATH\View\View.php(237): CodeIgniter\View\View->CodeIgniter\View\{closure}()
10 SYSTEMPATH\View\View.php(250): CodeIgniter\View\View->render('layout/main_layout', [], true)
11 SYSTEMPATH\Common.php(1171): CodeIgniter\View\View->render('landing', [], true)
12 APPPATH\Controllers\Home.php(9): view('landing')
13 SYSTEMPATH\CodeIgniter.php(933): App\Controllers\Home->index()
14 SYSTEMPATH\CodeIgniter.php(509): CodeIgniter\CodeIgniter->runController(Object(App\Controllers\Home))
15 SYSTEMPATH\CodeIgniter.php(355): CodeIgniter\CodeIgniter->handleRequest(null, Object(Config\Cache), false)
16 SYSTEMPATH\Boot.php(325): CodeIgniter\CodeIgniter->run()
17 SYSTEMPATH\Boot.php(67): CodeIgniter\Boot::runCodeIgniter(Object(CodeIgniter\CodeIgniter))
18 FCPATH\index.php(56): CodeIgniter\Boot::bootWeb(Object(Config\Paths))
CRITICAL - 2024-10-14 09:49:07 --> CodeIgniter\View\Exceptions\ViewException: Invalid file: "components/css/nav.php"
[Method: GET, Route: /]
in SYSTEMPATH\Exceptions\FrameworkException.php on line 41.
 1 SYSTEMPATH\View\View.php(222): CodeIgniter\Exceptions\FrameworkException::forInvalidFile('components/css/nav.php')
 2 SYSTEMPATH\View\View.php(487): CodeIgniter\View\View->render('components/css/nav', null, true)
 3 APPPATH\Views\Components\top_layer.php(9): CodeIgniter\View\View->include('components/css/nav')
 4 SYSTEMPATH\View\View.php(234): include('C:\\xampp\\htdocs\\WST_Gabinete-2\\app\\Views\\Components\\top_layer.php')
 5 SYSTEMPATH\View\View.php(237): CodeIgniter\View\View->CodeIgniter\View\{closure}()
 6 SYSTEMPATH\View\View.php(487): CodeIgniter\View\View->render('components/top_layer', null, true)
 7 APPPATH\Views\layout\main_layout.php(1): CodeIgniter\View\View->include('components/top_layer')
 8 SYSTEMPATH\View\View.php(234): include('C:\\xampp\\htdocs\\WST_Gabinete-2\\app\\Views\\layout\\main_layout.php')
 9 SYSTEMPATH\View\View.php(237): CodeIgniter\View\View->CodeIgniter\View\{closure}()
10 SYSTEMPATH\View\View.php(250): CodeIgniter\View\View->render('layout/main_layout', [], true)
11 SYSTEMPATH\Common.php(1171): CodeIgniter\View\View->render('landing', [], true)
12 APPPATH\Controllers\Home.php(9): view('landing')
13 SYSTEMPATH\CodeIgniter.php(933): App\Controllers\Home->index()
14 SYSTEMPATH\CodeIgniter.php(509): CodeIgniter\CodeIgniter->runController(Object(App\Controllers\Home))
15 SYSTEMPATH\CodeIgniter.php(355): CodeIgniter\CodeIgniter->handleRequest(null, Object(Config\Cache), false)
16 SYSTEMPATH\Boot.php(325): CodeIgniter\CodeIgniter->run()
17 SYSTEMPATH\Boot.php(67): CodeIgniter\Boot::runCodeIgniter(Object(CodeIgniter\CodeIgniter))
18 FCPATH\index.php(56): CodeIgniter\Boot::bootWeb(Object(Config\Paths))
CRITICAL - 2024-10-14 09:50:42 --> CodeIgniter\View\Exceptions\ViewException: Invalid file: "components/css/nav.php"
[Method: GET, Route: /]
in SYSTEMPATH\Exceptions\FrameworkException.php on line 41.
 1 SYSTEMPATH\View\View.php(222): CodeIgniter\Exceptions\FrameworkException::forInvalidFile('components/css/nav.php')
 2 SYSTEMPATH\View\View.php(487): CodeIgniter\View\View->render('components/css/nav', null, true)
 3 APPPATH\Views\Components\top_layer.php(8): CodeIgniter\View\View->include('components/css/nav')
 4 SYSTEMPATH\View\View.php(234): include('C:\\xampp\\htdocs\\WST_Gabinete-2\\app\\Views\\Components\\top_layer.php')
 5 SYSTEMPATH\View\View.php(237): CodeIgniter\View\View->CodeIgniter\View\{closure}()
 6 SYSTEMPATH\View\View.php(487): CodeIgniter\View\View->render('components/top_layer', null, true)
 7 APPPATH\Views\layout\main_layout.php(1): CodeIgniter\View\View->include('components/top_layer')
 8 SYSTEMPATH\View\View.php(234): include('C:\\xampp\\htdocs\\WST_Gabinete-2\\app\\Views\\layout\\main_layout.php')
 9 SYSTEMPATH\View\View.php(237): CodeIgniter\View\View->CodeIgniter\View\{closure}()
10 SYSTEMPATH\View\View.php(250): CodeIgniter\View\View->render('layout/main_layout', [], true)
11 SYSTEMPATH\Common.php(1171): CodeIgniter\View\View->render('landing', [], true)
12 APPPATH\Controllers\Home.php(9): view('landing')
13 SYSTEMPATH\CodeIgniter.php(933): App\Controllers\Home->index()
14 SYSTEMPATH\CodeIgniter.php(509): CodeIgniter\CodeIgniter->runController(Object(App\Controllers\Home))
15 SYSTEMPATH\CodeIgniter.php(355): CodeIgniter\CodeIgniter->handleRequest(null, Object(Config\Cache), false)
16 SYSTEMPATH\Boot.php(325): CodeIgniter\CodeIgniter->run()
17 SYSTEMPATH\Boot.php(67): CodeIgniter\Boot::runCodeIgniter(Object(CodeIgniter\CodeIgniter))
18 FCPATH\index.php(56): CodeIgniter\Boot::bootWeb(Object(Config\Paths))
